0 verbose cli /usr/local/bin/node /usr/local/bin/npm
1 info using npm@11.6.4
2 info using node@v22.21.1
3 silly config load:file:/usr/local/lib/node_modules/npm/npmrc
4 silly config load:file:/home/container/.npmrc
5 silly config load:file:/usr/local/etc/npmrc
6 verbose title npm install
7 verbose argv "install"
8 verbose logfile logs-max:10 dir:/home/container/.npm/_logs/2025-12-10T05_10_37_354Z-
9 verbose logfile /home/container/.npm/_logs/2025-12-10T05_10_37_354Z-debug-0.log
10 silly logfile start cleaning logs, removing 1 files
11 silly packumentCache heap:642252800 maxSize:160563200 maxEntrySize:80281600
12 silly logfile done cleaning log files
13 silly idealTree buildDeps
14 silly reify moves {}
15 silly audit bulk request {
15 silly audit   '@babel/runtime': [ '7.28.4' ],
15 silly audit   '@derockdev/discord-components-core': [ '3.6.1' ],
15 silly audit   '@derockdev/discord-components-react': [ '3.6.1' ],
15 silly audit   '@discordjs/builders': [ '1.13.0' ],
15 silly audit   '@discordjs/collection': [ '1.5.3', '2.1.1' ],
15 silly audit   '@discordjs/formatters': [ '0.6.2' ],
15 silly audit   '@discordjs/rest': [ '2.6.0' ],
15 silly audit   '@discordjs/util': [ '1.2.0' ],
15 silly audit   '@discordjs/ws': [ '1.2.3' ],
15 silly audit   '@emnapi/runtime': [ '1.5.0' ],
15 silly audit   '@fastify/busboy': [ '2.1.1' ],
15 silly audit   '@img/sharp-darwin-arm64': [ '0.33.5' ],
15 silly audit   '@img/sharp-darwin-x64': [ '0.33.5' ],
15 silly audit   '@img/sharp-libvips-darwin-arm64': [ '1.0.4' ],
15 silly audit   '@img/sharp-libvips-darwin-x64': [ '1.0.4' ],
15 silly audit   '@img/sharp-libvips-linux-arm': [ '1.0.5' ],
15 silly audit   '@img/sharp-libvips-linux-arm64': [ '1.0.4' ],
15 silly audit   '@img/sharp-libvips-linux-s390x': [ '1.0.4' ],
15 silly audit   '@img/sharp-libvips-linux-x64': [ '1.0.4' ],
15 silly audit   '@img/sharp-libvips-linuxmusl-arm64': [ '1.0.4' ],
15 silly audit   '@img/sharp-libvips-linuxmusl-x64': [ '1.0.4' ],
15 silly audit   '@img/sharp-linux-arm': [ '0.33.5' ],
15 silly audit   '@img/sharp-linux-arm64': [ '0.33.5' ],
15 silly audit   '@img/sharp-linux-s390x': [ '0.33.5' ],
15 silly audit   '@img/sharp-linux-x64': [ '0.33.5' ],
15 silly audit   '@img/sharp-linuxmusl-arm64': [ '0.33.5' ],
15 silly audit   '@img/sharp-linuxmusl-x64': [ '0.33.5' ],
15 silly audit   '@img/sharp-wasm32': [ '0.33.5' ],
15 silly audit   '@img/sharp-win32-ia32': [ '0.33.5' ],
15 silly audit   '@img/sharp-win32-x64': [ '0.33.5' ],
15 silly audit   '@jimp/bmp': [ '0.22.12', '0.16.13' ],
15 silly audit   '@jimp/core': [ '0.22.12', '0.16.13' ],
15 silly audit   '@jimp/custom': [ '0.22.12', '0.16.13' ],
15 silly audit   '@jimp/gif': [ '0.22.12', '0.16.13' ],
15 silly audit   '@jimp/jpeg': [ '0.22.12', '0.16.13' ],
15 silly audit   '@jimp/plugin-blit': [ '0.16.13' ],
15 silly audit   '@jimp/utils': [ '0.16.13', '0.22.12' ],
15 silly audit   '@jimp/plugin-blur': [ '0.16.13' ],
15 silly audit   '@jimp/plugin-circle': [ '0.16.13' ],
15 silly audit   '@jimp/plugin-color': [ '0.16.13' ],
15 silly audit   '@jimp/plugin-contain': [ '0.16.13' ],
15 silly audit   '@jimp/plugin-cover': [ '0.16.13' ],
15 silly audit   '@jimp/plugin-crop': [ '0.16.13' ],
15 silly audit   '@jimp/plugin-displace': [ '0.16.13' ],
15 silly audit   '@jimp/plugin-dither': [ '0.16.13' ],
15 silly audit   '@jimp/plugin-fisheye': [ '0.16.13' ],
15 silly audit   '@jimp/plugin-flip': [ '0.16.13' ],
15 silly audit   '@jimp/plugin-gaussian': [ '0.16.13' ],
15 silly audit   '@jimp/plugin-invert': [ '0.16.13' ],
15 silly audit   '@jimp/plugin-mask': [ '0.16.13' ],
15 silly audit   '@jimp/plugin-normalize': [ '0.16.13' ],
15 silly audit   '@jimp/plugin-print': [ '0.16.13' ],
15 silly audit   '@jimp/plugin-resize': [ '0.22.12', '0.16.13' ],
15 silly audit   '@jimp/plugin-rotate': [ '0.16.13' ],
15 silly audit   '@jimp/plugin-scale': [ '0.16.13' ],
15 silly audit   '@jimp/plugin-shadow': [ '0.16.13' ],
15 silly audit   '@jimp/plugin-threshold': [ '0.16.13' ],
15 silly audit   '@jimp/plugins': [ '0.16.13' ],
15 silly audit   '@jimp/png': [ '0.22.12', '0.16.13' ],
15 silly audit   '@jimp/tiff': [ '0.22.12', '0.16.13' ],
15 silly audit   '@jimp/types': [ '0.22.12', '0.16.13' ],
15 silly audit   '@sapphire/async-queue': [ '1.5.5' ],
15 silly audit   '@sapphire/shapeshift': [ '4.0.0' ],
15 silly audit   '@sapphire/snowflake': [ '3.5.3' ],
15 silly audit   '@stencil/core': [ '3.4.2' ],
15 silly audit   '@tokenizer/token': [ '0.3.0' ],
15 silly audit   '@types/node': [ '24.3.2', '16.9.1', '18.19.124' ],
15 silly audit   '@types/react': [ '19.1.13' ],
15 silly audit   '@types/ws': [ '8.18.1' ],
15 silly audit   '@vibrant/color': [ '4.0.0' ],
15 silly audit   '@vibrant/core': [ '4.0.0' ],
15 silly audit   '@vibrant/generator': [ '4.0.0' ],
15 silly audit   '@vibrant/generator-default': [ '4.0.3' ],
15 silly audit   '@vibrant/image': [ '4.0.0' ],
15 silly audit   '@vibrant/image-browser': [ '4.0.0' ],
15 silly audit   '@vibrant/image-node': [ '4.0.0' ],
15 silly audit   '@vibrant/quantizer': [ '4.0.0' ],
15 silly audit   '@vibrant/quantizer-mmcq': [ '4.0.0' ],
15 silly audit   '@vibrant/types': [ '4.0.0' ],
15 silly audit   '@vibrant/worker': [ '4.0.0' ],
15 silly audit   '@vladfrangu/async_event_emitter': [ '2.4.6' ],
15 silly audit   'abort-controller': [ '3.0.0' ],
15 silly audit   'any-base': [ '1.1.0' ],
15 silly audit   'base64-js': [ '1.5.1' ],
15 silly audit   'bmp-js': [ '0.1.0' ],
15 silly audit   buffer: [ '5.7.1', '6.0.3' ],
15 silly audit   'buffer-equal': [ '0.0.1' ],
15 silly audit   centra: [ '2.7.0' ],
15 silly audit   clsx: [ '1.2.1' ],
15 silly audit   color: [ '4.2.3' ],
15 silly audit   'color-convert': [ '2.0.1' ],
15 silly audit   'color-name': [ '1.1.4' ],
15 silly audit   'color-string': [ '1.9.1' ],
15 silly audit   csstype: [ '3.1.3' ],
15 silly audit   'detect-libc': [ '2.0.4' ],
15 silly audit   'discord-api-types': [ '0.38.34' ],
15 silly audit   'discord-html-transcripts': [ '3.2.0' ],
15 silly audit   undici: [ '5.29.0', '6.21.3' ],
15 silly audit   'discord-markdown-parser': [ '1.1.0' ],
15 silly audit   'discord.js': [ '14.25.1' ],
15 silly audit   'dom-walk': [ '0.1.2' ],
15 silly audit   dotenv: [ '16.6.1' ],
15 silly audit   'event-target-shim': [ '5.0.1' ],
15 silly audit   events: [ '3.3.0' ],
15 silly audit   'exif-parser': [ '0.1.12' ],
15 silly audit   'fast-average-color': [ '9.5.0' ],
15 silly audit   'fast-average-color-node': [ '3.1.0' ],
15 silly audit   'fast-deep-equal': [ '3.1.3' ],
15 silly audit   'file-type': [ '16.5.4' ],
15 silly audit   'follow-redirects': [ '1.15.11' ],
15 silly audit   'fs-extra': [ '8.1.0' ],
15 silly audit   jsonfile: [ '4.0.0', '5.0.0' ],
15 silly audit   gifwrap: [ '0.10.1', '0.9.4' ],
15 silly audit   global: [ '4.4.0' ],
15 silly audit   'graceful-fs': [ '4.2.11' ],
15 silly audit   'hex-to-rgba': [ '2.0.1' ],
15 silly audit   'highlight.js': [ '11.11.1' ],
15 silly audit   ieee754: [ '1.2.1' ],
15 silly audit   'image-q': [ '4.0.0' ],
15 silly audit   'is-arrayish': [ '0.3.2' ],
15 silly audit   'is-function': [ '1.0.2' ],
15 silly audit   'isomorphic-fetch': [ '3.0.0' ],
15 silly audit   jimp: [ '0.16.1' ],
15 silly audit   phin: [ '2.9.3', '3.7.1' ],
15 silly audit   pngjs: [ '3.4.0', '6.0.0' ],
15 silly audit   'jpeg-js': [ '0.4.4' ],
15 silly audit   'js-tokens': [ '4.0.0' ],
15 silly audit   'load-bmfont': [ '1.4.2' ],
15 silly audit   lodash: [ '4.17.21' ],
15 silly audit   'lodash.snakecase': [ '4.1.1' ],
15 silly audit   'loose-envify': [ '1.4.0' ],
15 silly audit   'magic-bytes.js': [ '1.12.1' ],
15 silly audit   mime: [ '1.6.0' ],
15 silly audit   'min-document': [ '2.19.0' ],
15 silly audit   minimist: [ '1.2.8' ],
15 silly audit   mkdirp: [ '0.5.6' ],
15 silly audit   'node-fetch': [ '2.7.0' ],
15 silly audit   'node-vibrant': [ '4.0.3' ],
15 silly audit   'undici-types': [ '5.26.5', '7.10.0' ],
15 silly audit   omggif: [ '1.0.10' ],
15 silly audit   pako: [ '1.0.11' ],
15 silly audit   'parse-bmfont-ascii': [ '1.0.6' ],
15 silly audit   'parse-bmfont-binary': [ '1.0.6' ],
15 silly audit   'parse-bmfont-xml': [ '1.1.6' ],
15 silly audit   'parse-headers': [ '2.0.6' ],
15 silly audit   'peek-readable': [ '4.1.0' ],
15 silly audit   pixelmatch: [ '4.0.2' ],
15 silly audit   process: [ '0.11.10' ],
15 silly audit   react: [ '18.3.1' ],
15 silly audit   'react-dom': [ '18.3.1' ],
15 silly audit   'readable-stream': [ '4.7.0' ],
15 silly audit   'readable-web-to-node-stream': [ '3.0.4' ],
15 silly audit   'regenerator-runtime': [ '0.13.11' ],
15 silly audit   'safe-buffer': [ '5.2.1' ],
15 silly audit   sax: [ '1.4.1' ],
15 silly audit   scheduler: [ '0.23.2' ],
15 silly audit   semver: [ '7.7.2' ],
15 silly audit   sharp: [ '0.33.5' ],
15 silly audit   'simple-markdown': [ '0.7.3' ],
15 silly audit   'simple-swizzle': [ '0.2.2' ],
15 silly audit   string_decoder: [ '1.3.0' ],
15 silly audit   strtok3: [ '6.3.0' ],
15 silly audit   timm: [ '1.7.1' ],
15 silly audit   tinycolor2: [ '1.6.0' ],
15 silly audit   'token-types': [ '4.2.1' ],
15 silly audit   tr46: [ '0.0.3' ],
15 silly audit   'ts-mixer': [ '6.0.4' ],
15 silly audit   tslib: [ '2.8.1' ],
15 silly audit   twemoji: [ '14.0.2' ],
15 silly audit   'twemoji-parser': [ '14.0.0' ],
15 silly audit   universalify: [ '0.1.2' ],
15 silly audit   utif: [ '2.0.1' ],
15 silly audit   utif2: [ '4.1.0' ],
15 silly audit   'webidl-conversions': [ '3.0.1' ],
15 silly audit   'whatwg-fetch': [ '3.6.20' ],
15 silly audit   'whatwg-url': [ '5.0.0' ],
15 silly audit   ws: [ '8.18.3' ],
15 silly audit   xhr: [ '2.6.0' ],
15 silly audit   'xml-parse-from-string': [ '1.0.1' ],
15 silly audit   xml2js: [ '0.5.0' ],
15 silly audit   xmlbuilder: [ '11.0.1' ],
15 silly audit   xtend: [ '4.0.2' ]
15 silly audit }
16 http fetch POST 200 https://registry.npmjs.org/-/npm/v1/security/advisories/bulk 889ms
17 silly audit report {
17 silly audit report   phin: [
17 silly audit report     {
17 silly audit report       id: 1096967,
17 silly audit report       url: 'https://github.com/advisories/GHSA-x565-32qp-m3vf',
17 silly audit report       title: 'phin may include sensitive headers in subsequent requests after redirect',
17 silly audit report       severity: 'moderate',
17 silly audit report       vulnerable_versions: '<3.7.1',
17 silly audit report       cwe: [Array],
17 silly audit report       cvss: [Object]
17 silly audit report     }
17 silly audit report   ],
17 silly audit report   'min-document': [
17 silly audit report     {
17 silly audit report       id: 1109626,
17 silly audit report       url: 'https://github.com/advisories/GHSA-rx8g-88g5-qh64',
17 silly audit report       title: 'min-document vulnerable to prototype pollution',
17 silly audit report       severity: 'low',
17 silly audit report       vulnerable_versions: '<=2.19.0',
17 silly audit report       cwe: [Array],
17 silly audit report       cvss: [Object]
17 silly audit report     }
17 silly audit report   ]
17 silly audit report }
18 silly packumentCache corgi:https://registry.npmjs.org/phin cache-miss
19 silly packumentCache corgi:https://registry.npmjs.org/min-document cache-miss
20 http cache https://registry.npmjs.org/min-document 4ms (cache hit)
21 silly packumentCache corgi:https://registry.npmjs.org/min-document set size:24206 disposed:false
22 http cache https://registry.npmjs.org/phin 5ms (cache hit)
23 silly packumentCache corgi:https://registry.npmjs.org/phin set size:57382 disposed:false
24 silly packumentCache corgi:https://registry.npmjs.org/@jimp%2fcore cache-miss
25 http cache https://registry.npmjs.org/@jimp%2fcore 2ms (cache hit)
26 silly packumentCache corgi:https://registry.npmjs.org/@jimp%2fcore set size:402347 disposed:false
27 silly packumentCache corgi:https://registry.npmjs.org/global cache-miss
28 http cache https://registry.npmjs.org/global 1ms (cache hit)
29 silly packumentCache corgi:https://registry.npmjs.org/global set size:13361 disposed:false
30 silly packumentCache corgi:https://registry.npmjs.org/@jimp%2fcustom cache-miss
31 http cache https://registry.npmjs.org/@jimp%2fcustom 1ms (cache hit)
32 silly packumentCache corgi:https://registry.npmjs.org/@jimp%2fcustom set size:334779 disposed:false
33 silly packumentCache corgi:https://registry.npmjs.org/jimp cache-miss
34 silly packumentCache corgi:https://registry.npmjs.org/@jimp%2fbmp cache-miss
35 silly packumentCache corgi:https://registry.npmjs.org/@jimp%2fgif cache-miss
36 silly packumentCache corgi:https://registry.npmjs.org/@jimp%2fjpeg cache-miss
37 silly packumentCache corgi:https://registry.npmjs.org/@jimp%2fpng cache-miss
38 silly packumentCache corgi:https://registry.npmjs.org/@jimp%2ftiff cache-miss
39 silly packumentCache corgi:https://registry.npmjs.org/@jimp%2ftypes cache-miss
40 http cache https://registry.npmjs.org/@jimp%2fgif 194ms (cache hit)
41 silly packumentCache corgi:https://registry.npmjs.org/@jimp%2fgif set size:346116 disposed:false
42 http cache https://registry.npmjs.org/@jimp%2fbmp 197ms (cache hit)
43 silly packumentCache corgi:https://registry.npmjs.org/@jimp%2fbmp set size:369990 disposed:false
44 http cache https://registry.npmjs.org/jimp 199ms (cache hit)
45 silly packumentCache corgi:https://registry.npmjs.org/jimp set size:573158 disposed:false
46 http cache https://registry.npmjs.org/@jimp%2fjpeg 200ms (cache hit)
47 silly packumentCache corgi:https://registry.npmjs.org/@jimp%2fjpeg set size:370853 disposed:false
48 http cache https://registry.npmjs.org/@jimp%2fpng 293ms (cache hit)
49 silly packumentCache corgi:https://registry.npmjs.org/@jimp%2fpng set size:370878 disposed:false
50 http cache https://registry.npmjs.org/@jimp%2ftiff 294ms (cache hit)
51 silly packumentCache corgi:https://registry.npmjs.org/@jimp%2ftiff set size:364060 disposed:false
52 http cache https://registry.npmjs.org/@jimp%2ftypes 391ms (cache hit)
53 silly packumentCache corgi:https://registry.npmjs.org/@jimp%2ftypes set size:409592 disposed:false
54 verbose cwd /home/container
55 verbose os Linux 6.8.0-88-generic
56 verbose node v22.21.1
57 verbose npm  v11.6.4
58 verbose exit 0
59 info ok
